#
# A fatal error has been detected by the Java Runtime Environment:
#
#  EXCEPTION_ACCESS_VIOLATION (0xc0000005) at pc=0x00007ffec7d83b6d, pid=8552, tid=0x0000000000001810
#
# JRE version: Java(TM) SE Runtime Environment (8.0_111-b14) (build 1.8.0_111-b14)
# Java VM: Java HotSpot(TM) 64-Bit Server VM (25.111-b14 mixed mode windows-amd64 compressed oops)
# Problematic frame:
# C  [lwjgl.dll+0x13b6d]
#
# Failed to write core dump. Minidumps are not enabled by default on client versions of Windows
#
# If you would like to submit a bug report, please visit:
#   http://bugreport.java.com/bugreport/crash.jsp
# The crash happened outside the Java Virtual Machine in native code.
# See problematic frame for where to report the bug.
#

---------------  T H R E A D  ---------------

Current thread (0x00000000168f2800):  JavaThread "Thread-0" [_thread_in_native, id=6160, stack(0x0000000016e60000,0x0000000016f60000)]

siginfo: ExceptionCode=0xc0000005, reading address 0x0000000000000000

Registers:
RAX=0x00000000000000a5, RBX=0x0000000014a890a8, RCX=0x00000000ffffffff, RDX=0x00007ffec7dc51b0
RSP=0x0000000016f5f2c0, RBP=0x0000000016f5f360, RSI=0x0000000011698000, RDI=0x00000000028e835d
R8 =0x000000000000000a, R9 =0x0000000000000002, R10=0x000000001b4df010, R11=0x0000000016f5f1b0
R12=0x0000000000000000, R13=0x0000000014a890a0, R14=0x0000000016f5f388, R15=0x00000000168f2800
RIP=0x00007ffec7d83b6d, EFLAGS=0x0000000000010206

Top of Stack: (sp=0x0000000016f5f2c0)
0x0000000016f5f2c0:   0000000016f5f700 00007ffec7dab450
0x0000000016f5f2d0:   0000000000000204 00000000168f2430
0x0000000016f5f2e0:   00000000028e835d 00000000028f7f74
0x0000000016f5f2f0:   00000000168f2800 0000000014a890a8
0x0000000016f5f300:   0000000011698000 00000000168f2800
0x0000000016f5f310:   0000000016f5f3e0 00000000028f7ca2
0x0000000016f5f320:   0000000016f5f320 0000000014a890a0
0x0000000016f5f330:   0000000016f5f388 0000000014ab3f30
0x0000000016f5f340:   0000000000000000 0000000014a890a8
0x0000000016f5f350:   0000000000000000 0000000016f5f380
0x0000000016f5f360:   0000000016f5f3d0 00000000028e835d
0x0000000016f5f370:   00000000eb80e608 00000000028f19d8
0x0000000016f5f380:   000000003dcccccd 0000000000000204
0x0000000016f5f390:   0000000016f5f390 00000000149720db
0x0000000016f5f3a0:   0000000016f5f3e0 0000000014972948
0x0000000016f5f3b0:   0000000000000000 0000000014972118 

Instructions: (pc=0x00007ffec7d83b6d)
0x00007ffec7d83b4d:   cc cc cc 48 83 ec 28 b9 02 00 00 00 e8 f2 56 00
0x00007ffec7d83b5d:   00 48 8b c8 48 8d 15 e8 78 02 00 e8 a3 d4 fe ff
0x00007ffec7d83b6d:   8b 04 25 00 00 00 00 48 83 c4 28 c3 cc cc cc cc
0x00007ffec7d83b7d:   cc cc cc 48 8b 01 c3 cc cc cc cc cc cc cc cc cc 


Register to memory mapping:

RAX=0x00000000000000a5 is an unknown value
RBX={method} {0x0000000014a890b0} 'glAlphaFunc' '(IF)V' in 'org/lwjgl/opengl/GL11'
RCX=0x00000000ffffffff is an unallocated location in the heap
RDX=0x00007ffec7dc51b0 is an unknown value
RSP=0x0000000016f5f2c0 is pointing into the stack for thread: 0x00000000168f2800
RBP=0x0000000016f5f360 is pointing into the stack for thread: 0x00000000168f2800
RSI=0x0000000011698000 is an unknown value
RDI=0x00000000028e835d is at code_begin+2301 in an Interpreter codelet
invoke return entry points  [0x00000000028e7a60, 0x00000000028e8440]  2528 bytes
R8 =0x000000000000000a is an unknown value
R9 =0x0000000000000002 is an unknown value
R10=0x000000001b4df010 is an unknown value
R11=0x0000000016f5f1b0 is pointing into the stack for thread: 0x00000000168f2800
R12=0x0000000000000000 is an unknown value
R13=0x0000000014a890a0 is pointing into metadata
R14=0x0000000016f5f388 is pointing into the stack for thread: 0x00000000168f2800
R15=0x00000000168f2800 is a thread


Stack: [0x0000000016e60000,0x0000000016f60000],  sp=0x0000000016f5f2c0,  free space=1020k
Native frames: (J=compiled Java code, j=interpreted, Vv=VM code, C=native code)
C  [lwjgl.dll+0x13b6d]
C  0x00000000028f7f74

Java frames: (J=compiled Java code, j=interpreted, Vv=VM code)
j  org.lwjgl.opengl.GL11.glAlphaFunc(IF)V+0
j  base.Window.<init>()V+131
j  base.Engine.start()V+10
j  base.Engine.run()V+1
j  java.lang.Thread.run()V+11
v  ~StubRoutines::call_stub

---------------  P R O C E S S  ---------------

Java Threads: ( => current thread )
  0x00000000027e2800 JavaThread "DestroyJavaVM" [_thread_blocked, id=8984, stack(0x00000000026e0000,0x00000000027e0000)]
=>0x00000000168f2800 JavaThread "Thread-0" [_thread_in_native, id=6160, stack(0x0000000016e60000,0x0000000016f60000)]
  0x0000000014f6d800 JavaThread "Service Thread" daemon [_thread_blocked, id=1800, stack(0x0000000016c60000,0x0000000016d60000)]
  0x0000000014f1e000 JavaThread "C1 CompilerThread2" daemon [_thread_blocked, id=3544, stack(0x0000000016760000,0x0000000016860000)]
  0x0000000014f13800 JavaThread "C2 CompilerThread1" daemon [_thread_blocked, id=9688, stack(0x0000000016660000,0x0000000016760000)]
  0x0000000014f0e000 JavaThread "C2 CompilerThread0" daemon [_thread_blocked, id=8848, stack(0x0000000016560000,0x0000000016660000)]
  0x0000000014f0c000 JavaThread "Attach Listener" daemon [_thread_blocked, id=4148, stack(0x0000000016460000,0x0000000016560000)]
  0x0000000014f0a800 JavaThread "Signal Dispatcher" daemon [_thread_blocked, id=7372, stack(0x0000000016360000,0x0000000016460000)]
  0x00000000028db800 JavaThread "Finalizer" daemon [_thread_blocked, id=7912, stack(0x0000000016160000,0x0000000016260000)]
  0x0000000014ed9000 JavaThread "Reference Handler" daemon [_thread_blocked, id=9648, stack(0x0000000016060000,0x0000000016160000)]

Other Threads:
  0x0000000014ed7800 VMThread [stack: 0x0000000015f60000,0x0000000016060000] [id=4064]
  0x000000001689f800 WatcherThread [stack: 0x0000000016d60000,0x0000000016e60000] [id=600]

VM state:not at safepoint (normal execution)

VM Mutex/Monitor currently owned by a thread: None

Heap:
 PSYoungGen      total 18944K, used 14908K [0x00000000eb000000, 0x00000000ec500000, 0x0000000100000000)
  eden space 16384K, 90% used [0x00000000eb000000,0x00000000ebe8f1d0,0x00000000ec000000)
  from space 2560K, 0% used [0x00000000ec280000,0x00000000ec280000,0x00000000ec500000)
  to   space 2560K, 0% used [0x00000000ec000000,0x00000000ec000000,0x00000000ec280000)
 ParOldGen       total 44032K, used 0K [0x00000000c1000000, 0x00000000c3b00000, 0x00000000eb000000)
  object space 44032K, 0% used [0x00000000c1000000,0x00000000c1000000,0x00000000c3b00000)
 Metaspace       used 8182K, capacity 8441K, committed 8576K, reserved 1056768K
  class space    used 714K, capacity 807K, committed 896K, reserved 1048576K

Card table byte_map: [0x0000000011ca0000,0x0000000011ea0000] byte_map_base: 0x0000000011698000

Marking Bits: (ParMarkBitMap*) 0x0000000067b0a6c0
 Begin Bits: [0x00000000123f0000, 0x00000000133b0000)
 End Bits:   [0x00000000133b0000, 0x0000000014370000)

Polling page: 0x00000000024e0000

CodeCache: size=245760Kb used=2797Kb max_used=2814Kb free=242962Kb
 bounds [0x00000000028e0000, 0x0000000002bb0000, 0x00000000118e0000]
 total_blobs=1473 nmethods=629 adapters=757
 compilation: enabled

Compilation events (10 events):
Event: 2.994 Thread 0x0000000014f1e000 nmethod 615 0x0000000002b8e790 code [0x0000000002b8e8e0, 0x0000000002b8ea90]
Event: 2.995 Thread 0x0000000014f1e000  616       3       sun.reflect.ReflectionFactory::newFieldAccessor (9 bytes)
Event: 2.995 Thread 0x0000000014f1e000 nmethod 616 0x0000000002b8ee90 code [0x0000000002b8f020, 0x0000000002b8f398]
Event: 2.995 Thread 0x0000000014f1e000  622       3       sun.reflect.UnsafeQualifiedFieldAccessorImpl::<init> (11 bytes)
Event: 2.995 Thread 0x0000000014f1e000 nmethod 622 0x0000000002b8f510 code [0x0000000002b8f680, 0x0000000002b8f828]
Event: 2.995 Thread 0x0000000014f1e000  624       3       sun.reflect.UnsafeFieldAccessorImpl::ensureObj (23 bytes)
Event: 2.996 Thread 0x0000000014f1e000 nmethod 624 0x0000000002b8f8d0 code [0x0000000002b8faa0, 0x0000000002b903f8]
Event: 2.996 Thread 0x0000000014f1e000  617       3       sun.reflect.UnsafeFieldAccessorFactory::newFieldAccessor (676 bytes)
Event: 3.000 Thread 0x0000000014f1e000 nmethod 617 0x0000000002b90710 code [0x0000000002b90ce0, 0x0000000002b937c8]
Event: 3.000 Thread 0x0000000014f1e000  618       3       sun.reflect.UnsafeFieldAccessorImpl::<init> (56 bytes)

GC Heap History (0 events):
No events

Deoptimization events (0 events):
No events

Internal exceptions (10 events):
Event: 0.057 Thread 0x00000000027e2800 Exception <a 'java/lang/NoSuchMethodError': Method sun.misc.Unsafe.prefetchRead(Ljava/lang/Object;J)V name or signature does not match> (0x00000000eb007f60) thrown at [C:\re\workspace\8-2-build-windows-amd64-cygwin\jdk8u111\7883\hotspot\src\share\vm\prims
Event: 0.265 Thread 0x00000000168f2800 Exception <a 'java/lang/NoSuchMethodError': java.lang.Object.lambda$static$0(Ljava/lang/String;)Ljava/lang/Boolean;> (0x00000000eb22b548) thrown at [C:\re\workspace\8-2-build-windows-amd64-cygwin\jdk8u111\7883\hotspot\src\share\vm\interpreter\linkResolver
Event: 0.286 Thread 0x00000000168f2800 Exception <a 'java/lang/NoSuchFieldError': method resolution failed> (0x00000000eb2a3340) thrown at [C:\re\workspace\8-2-build-windows-amd64-cygwin\jdk8u111\7883\hotspot\src\share\vm\prims\methodHandles.cpp, line 1146]
Event: 0.290 Thread 0x00000000168f2800 Exception <a 'java/lang/NoSuchFieldError': method resolution failed> (0x00000000eb2b0778) thrown at [C:\re\workspace\8-2-build-windows-amd64-cygwin\jdk8u111\7883\hotspot\src\share\vm\prims\methodHandles.cpp, line 1146]
Event: 0.381 Thread 0x00000000168f2800 Exception <a 'java/security/PrivilegedActionException'> (0x00000000eb3f53a8) thrown at [C:\re\workspace\8-2-build-windows-amd64-cygwin\jdk8u111\7883\hotspot\src\share\vm\prims\jvm.cpp, line 1386]
Event: 0.381 Thread 0x00000000168f2800 Exception <a 'java/security/PrivilegedActionException'> (0x00000000eb3f55b8) thrown at [C:\re\workspace\8-2-build-windows-amd64-cygwin\jdk8u111\7883\hotspot\src\share\vm\prims\jvm.cpp, line 1386]
Event: 0.382 Thread 0x00000000168f2800 Exception <a 'java/security/PrivilegedActionException'> (0x00000000eb3f9200) thrown at [C:\re\workspace\8-2-build-windows-amd64-cygwin\jdk8u111\7883\hotspot\src\share\vm\prims\jvm.cpp, line 1386]
Event: 0.382 Thread 0x00000000168f2800 Exception <a 'java/security/PrivilegedActionException'> (0x00000000eb3f9410) thrown at [C:\re\workspace\8-2-build-windows-amd64-cygwin\jdk8u111\7883\hotspot\src\share\vm\prims\jvm.cpp, line 1386]
Event: 2.529 Thread 0x00000000168f2800 Exception <a 'sun/nio/fs/WindowsException'> (0x00000000eb706c30) thrown at [C:\re\workspace\8-2-build-windows-amd64-cygwin\jdk8u111\7883\hotspot\src\share\vm\prims\jni.cpp, line 709]
Event: 2.529 Thread 0x00000000168f2800 Exception <a 'sun/nio/fs/WindowsException'> (0x00000000eb707490) thrown at [C:\re\workspace\8-2-build-windows-amd64-cygwin\jdk8u111\7883\hotspot\src\share\vm\prims\jni.cpp, line 709]

Events (10 events):
Event: 2.988 loading class java/nio/BufferOverflowException
Event: 2.988 loading class java/nio/BufferOverflowException done
Event: 2.988 loading class java/nio/InvalidMarkException
Event: 2.988 loading class java/nio/InvalidMarkException done
Event: 2.988 loading class java/nio/BufferUnderflowException
Event: 2.988 loading class java/nio/BufferUnderflowException done
Event: 2.989 loading class sun/reflect/UnsafeQualifiedLongFieldAccessorImpl
Event: 2.990 loading class sun/reflect/UnsafeQualifiedFieldAccessorImpl
Event: 2.990 loading class sun/reflect/UnsafeQualifiedFieldAccessorImpl done
Event: 2.990 loading class sun/reflect/UnsafeQualifiedLongFieldAccessorImpl done


Dynamic libraries:
0x00007ff6598f0000 - 0x00007ff659927000 	C:\Program Files\Java\jre1.8.0_111\bin\javaw.exe
0x00007ffed1860000 - 0x00007ffed1a4d000 	C:\WINDOWS\SYSTEM32\ntdll.dll
0x00007ffecfe40000 - 0x00007ffecfef3000 	C:\WINDOWS\System32\KERNEL32.DLL
0x00007ffecdc10000 - 0x00007ffecdea3000 	C:\WINDOWS\System32\KERNELBASE.dll
0x00007ffeceaf0000 - 0x00007ffeceb93000 	C:\WINDOWS\System32\ADVAPI32.dll
0x00007ffecf300000 - 0x00007ffecf39e000 	C:\WINDOWS\System32\msvcrt.dll
0x00007ffecff00000 - 0x00007ffecff9e000 	C:\WINDOWS\System32\sechost.dll
0x00007ffecfd10000 - 0x00007ffecfe32000 	C:\WINDOWS\System32\RPCRT4.dll
0x00007ffed1690000 - 0x00007ffed1827000 	C:\WINDOWS\System32\USER32.dll
0x00007ffece740000 - 0x00007ffece760000 	C:\WINDOWS\System32\win32u.dll
0x00007ffecebf0000 - 0x00007ffecec19000 	C:\WINDOWS\System32\GDI32.dll
0x00007ffece7e0000 - 0x00007ffece97a000 	C:\WINDOWS\System32\gdi32full.dll
0x00007ffece9f0000 - 0x00007ffecea90000 	C:\WINDOWS\System32\msvcp_win.dll
0x00007ffecd930000 - 0x00007ffecda2c000 	C:\WINDOWS\System32\ucrtbase.dll
0x00007ffec0ff0000 - 0x00007ffec1269000 	C:\WINDOWS\WinSxS\amd64_microsoft.windows.common-controls_6595b64144ccf1df_6.0.17763.316_none_05b53be2071f46b6\COMCTL32.dll
0x00007ffecf750000 - 0x00007ffecfa7d000 	C:\WINDOWS\System32\combase.dll
0x00007ffece760000 - 0x00007ffece7de000 	C:\WINDOWS\System32\bcryptPrimitives.dll
0x00007ffeceba0000 - 0x00007ffecebce000 	C:\WINDOWS\System32\IMM32.DLL
0x0000000067020000 - 0x00000000670f2000 	C:\Program Files\Java\jre1.8.0_111\bin\msvcr100.dll
0x00000000672f0000 - 0x0000000067b8a000 	C:\Program Files\Java\jre1.8.0_111\bin\server\jvm.dll
0x00007ffecebe0000 - 0x00007ffecebe8000 	C:\WINDOWS\System32\PSAPI.DLL
0x00007ffec8d80000 - 0x00007ffec8da4000 	C:\WINDOWS\SYSTEM32\WINMM.dll
0x00007ffe98ff0000 - 0x00007ffe98ff9000 	C:\WINDOWS\SYSTEM32\WSOCK32.dll
0x00007ffec25e0000 - 0x00007ffec25ea000 	C:\WINDOWS\SYSTEM32\VERSION.dll
0x00007ffed0000000 - 0x00007ffed006d000 	C:\WINDOWS\System32\WS2_32.dll
0x00007ffec8d50000 - 0x00007ffec8d7d000 	C:\WINDOWS\SYSTEM32\winmmbase.dll
0x00007ffece980000 - 0x00007ffece9ca000 	C:\WINDOWS\System32\cfgmgr32.dll
0x0000000067200000 - 0x000000006720f000 	C:\Program Files\Java\jre1.8.0_111\bin\verify.dll
0x00000000671d0000 - 0x00000000671f9000 	C:\Program Files\Java\jre1.8.0_111\bin\java.dll
0x00000000671b0000 - 0x00000000671c6000 	C:\Program Files\Java\jre1.8.0_111\bin\zip.dll
0x00007ffed01a0000 - 0x00007ffed168f000 	C:\WINDOWS\System32\SHELL32.dll
0x00007ffecfc60000 - 0x00007ffecfd08000 	C:\WINDOWS\System32\shcore.dll
0x00007ffecdff0000 - 0x00007ffece73a000 	C:\WINDOWS\System32\windows.storage.dll
0x00007ffecd8c0000 - 0x00007ffecd8e4000 	C:\WINDOWS\System32\profapi.dll
0x00007ffecd860000 - 0x00007ffecd8bd000 	C:\WINDOWS\System32\powrprof.dll
0x00007ffecea90000 - 0x00007ffeceae2000 	C:\WINDOWS\System32\shlwapi.dll
0x00007ffecd910000 - 0x00007ffecd921000 	C:\WINDOWS\System32\kernel.appcore.dll
0x00007ffece9d0000 - 0x00007ffece9e7000 	C:\WINDOWS\System32\cryptsp.dll
0x0000000067190000 - 0x00000000671aa000 	C:\Program Files\Java\jre1.8.0_111\bin\net.dll
0x00007ffecd0f0000 - 0x00007ffecd157000 	C:\WINDOWS\system32\mswsock.dll
0x0000000067170000 - 0x0000000067181000 	C:\Program Files\Java\jre1.8.0_111\bin\nio.dll
0x00007ffec7d70000 - 0x00007ffec7dcb000 	C:\Users\D.S. Twins\AppData\Local\Temp\lwjglD.S. Twins\3.1.6-build-14\lwjgl.dll
0x00007ffec7d10000 - 0x00007ffec7d61000 	C:\Users\DS02E0~1.TWI\AppData\Local\Temp\lwjglD.S. Twins\3.1.6-build-14\glfw.dll
0x00007ffecbe50000 - 0x00007ffecbeec000 	C:\WINDOWS\system32\uxtheme.dll
0x00007ffeca620000 - 0x00007ffeca664000 	C:\WINDOWS\SYSTEM32\dinput8.dll
0x00007ffec8e00000 - 0x00007ffec8e11000 	C:\WINDOWS\SYSTEM32\xinput1_4.dll
0x00007ffecd670000 - 0x00007ffecd699000 	C:\WINDOWS\SYSTEM32\DEVOBJ.dll
0x00007ffecbf30000 - 0x00007ffecbf5e000 	C:\WINDOWS\SYSTEM32\dwmapi.dll
0x00007ffecda30000 - 0x00007ffecdc0b000 	C:\WINDOWS\System32\CRYPT32.dll
0x00007ffecd8f0000 - 0x00007ffecd902000 	C:\WINDOWS\System32\MSASN1.dll
0x00007ffec01e0000 - 0x00007ffec02ac000 	C:\WINDOWS\SYSTEM32\inputhost.dll
0x00007ffecc040000 - 0x00007ffecc24d000 	C:\WINDOWS\SYSTEM32\twinapi.appcore.dll
0x00007ffecb900000 - 0x00007ffecb9e2000 	C:\WINDOWS\SYSTEM32\CoreMessaging.dll
0x00007ffec6750000 - 0x00007ffec6a72000 	C:\WINDOWS\SYSTEM32\CoreUIComponents.dll
0x00007ffec9fc0000 - 0x00007ffeca168000 	C:\WINDOWS\SYSTEM32\PROPSYS.dll
0x00007ffec9850000 - 0x00007ffec99a3000 	C:\WINDOWS\SYSTEM32\wintypes.dll
0x00007ffeca720000 - 0x00007ffecacde000 	C:\WINDOWS\SYSTEM32\d2d1.dll
0x00007ffecec20000 - 0x00007ffececeb000 	C:\WINDOWS\System32\OLEAUT32.dll
0x00007ffecc010000 - 0x00007ffecc038000 	C:\WINDOWS\SYSTEM32\RMCLIENT.dll
0x00007ffecc910000 - 0x00007ffecc941000 	C:\WINDOWS\SYSTEM32\ntmarta.dll
0x00007ffecace0000 - 0x00007ffecaf5e000 	C:\WINDOWS\SYSTEM32\d3d11.dll
0x00007ffecc5d0000 - 0x00007ffecc692000 	C:\WINDOWS\SYSTEM32\dxgi.dll
0x00007ffecf560000 - 0x00007ffecf6ca000 	C:\WINDOWS\System32\MSCTF.dll
0x00007ffecc520000 - 0x00007ffecc52e000 	C:\WINDOWS\SYSTEM32\HID.DLL
0x00007ffecee80000 - 0x00007ffecf2f5000 	C:\WINDOWS\System32\SETUPAPI.DLL
0x00007ffecdfc0000 - 0x00007ffecdfe6000 	C:\WINDOWS\System32\bcrypt.dll
0x00007ffecdeb0000 - 0x00007ffecdf08000 	C:\WINDOWS\System32\WINTRUST.dll
0x00007ffeabdc0000 - 0x00007ffeabee7000 	C:\WINDOWS\SYSTEM32\opengl32.dll
0x00007ffeabd40000 - 0x00007ffeabd6c000 	C:\WINDOWS\SYSTEM32\GLU32.dll
0x0000000064d30000 - 0x0000000067012000 	C:\WINDOWS\SYSTEM32\nvoglv64.DLL
0x00007ffecfa80000 - 0x00007ffecfbd5000 	C:\WINDOWS\System32\ole32.dll
0x00007ffec8b60000 - 0x00007ffec8b73000 	C:\WINDOWS\SYSTEM32\WTSAPI32.dll
0x00007ffecc980000 - 0x00007ffecc9d8000 	C:\WINDOWS\SYSTEM32\WINSTA.dll
0x00007ffec0700000 - 0x00007ffec0795000 	C:\WINDOWS\System32\TextInputFramework.dll
0x00007ffeced70000 - 0x00007ffecee12000 	C:\WINDOWS\System32\clbcatq.dll
0x00007ffea1c60000 - 0x00007ffea1d4a000 	C:\WINDOWS\System32\DriverStore\FileRepository\nvhm.inf_amd64_ebea877f10dfbbc7\nvldumdx.dll
0x00007ffecf6d0000 - 0x00007ffecf6ed000 	C:\WINDOWS\System32\imagehlp.dll
0x00007ffecccb0000 - 0x00007ffeccce3000 	C:\WINDOWS\system32\rsaenh.dll
0x00007ffecd2c0000 - 0x00007ffecd2cc000 	C:\WINDOWS\SYSTEM32\CRYPTBASE.dll
0x00007ffe874c0000 - 0x00007ffe89029000 	C:\WINDOWS\System32\DriverStore\FileRepository\nvhm.inf_amd64_ebea877f10dfbbc7\nvwgf2umx.dll
0x00007ffec15c0000 - 0x00007ffec1a40000 	C:\WINDOWS\system32\nvapi64.dll
0x00007ffec57f0000 - 0x00007ffec62b3000 	C:\WINDOWS\SYSTEM32\igd10iumd64.dll
0x00007ffecd3b0000 - 0x00007ffecd3d6000 	C:\WINDOWS\SYSTEM32\ncrypt.dll
0x00007ffecd370000 - 0x00007ffecd3ac000 	C:\WINDOWS\SYSTEM32\NTASN1.dll
0x00007ffec4d50000 - 0x00007ffec5742000 	C:\WINDOWS\SYSTEM32\igdusc64.dll
0x00007ffecb3c0000 - 0x00007ffecb583000 	C:\WINDOWS\SYSTEM32\dcomp.dll
0x00007ffebea00000 - 0x00007ffebea5f000 	C:\Users\D.S. Twins\AppData\Local\Temp\lwjglD.S. Twins\3.1.6-build-14\lwjgl_opengl.dll
0x00007ffeba780000 - 0x00007ffeba96d000 	C:\WINDOWS\SYSTEM32\dbghelp.dll

VM Arguments:
jvm_args: -Dfile.encoding=Cp1252 
java_command: base.Main
java_class_path (initial): S:\Development\Java-Projects\window_java\PlanetaryCycle\bin;C:\Program Files\Java\lwjgl3\lwjgl.jar;C:\Program Files\Java\lwjgl3\lwjgl-assimp.jar;C:\Program Files\Java\lwjgl3\lwjgl-bgfx.jar;C:\Program Files\Java\lwjgl3\lwjgl-egl.jar;C:\Program Files\Java\lwjgl3\lwjgl-glfw.jar;C:\Program Files\Java\lwjgl3\lwjgl-jawt.jar;C:\Program Files\Java\lwjgl3\lwjgl-jemalloc.jar;C:\Program Files\Java\lwjgl3\lwjgl-lmdb.jar;C:\Program Files\Java\lwjgl3\lwjgl-lz4.jar;C:\Program Files\Java\lwjgl3\lwjgl-nanovg.jar;C:\Program Files\Java\lwjgl3\lwjgl-nfd.jar;C:\Program Files\Java\lwjgl3\lwjgl-nuklear.jar;C:\Program Files\Java\lwjgl3\lwjgl-odbc.jar;C:\Program Files\Java\lwjgl3\lwjgl-openal.jar;C:\Program Files\Java\lwjgl3\lwjgl-opencl.jar;C:\Program Files\Java\lwjgl3\lwjgl-opengl.jar;C:\Program Files\Java\lwjgl3\lwjgl-opengles.jar;C:\Program Files\Java\lwjgl3\lwjgl-openvr.jar;C:\Program Files\Java\lwjgl3\lwjgl-ovr.jar;C:\Program Files\Java\lwjgl3\lwjgl-par.jar;C:\Program Files\Java\lwjgl3\lwjgl-remotery.jar;C:\Program Files\Java\lwjgl3\lwjgl-rpmalloc.jar;C:\Program Files\Java\lwjgl3\lwjgl-sse.jar;C:\Program Files\Java\lwjgl3\lwjgl-stb.jar;C:\Program Files\Java\lwjgl3\lwjgl-tinyexr.jar;C:\Program Files\Java\lwjgl3\lwjgl-tinyfd.jar;C:\Program Files\Java\lwjgl3\lwjgl-tootle.jar;C:\Program Files\Java\lwjgl3\lwjgl-vulkan.jar;C:\Program Files\Java\lwjgl3\lwjglx-debug-1.0.0.jar;C:\Program Files\Java\lwjgl3\lwjgl-xxhash.jar;C:\Program Files\Java\lwjgl3\lwjgl-yoga.jar;C:\Program Files\Java\lwjgl3\lwjgl-zstd.jar;C:\Program Files\Java\lwjgl3\steamworks4j-1.7.0.jar;C:\Program Files\Java\lwjgl3\steamworks4j-server-1.7.0.jar;C:\Program Files\Java\lwjgl3\joml-1.9.9.jar;C:\Program Files\Java\pngDecoder\PNGDecoder.jar;C:\Program Files\Java\lwjgl3\lwjgl-assimp-natives-windows.jar;C:\Program Files\Java\lwjgl3\lwjgl-bgfx-natives-windows.jar;C:\Program Files\Java\lwjgl3\lwjgl-glfw-natives-windows.jar;C:\Program Files\Java\lwjgl3\lwjgl-jemalloc-natives-windows.jar;C:\Program Files
Launcher Type: SUN_STANDARD

Environment Variables:
PATH=C:/Program Files/Java/jre1.8.0_111/bin/server;C:/Program Files/Java/jre1.8.0_111/bin;C:/Program Files/Java/jre1.8.0_111/lib/amd64;C:\Program Files (x86)\NVIDIA Corporation\PhysX\Common;C:\ProgramData\Oracle\Java\javapath;C:\WINDOWS\system32;C:\WINDOWS;C:\WINDOWS\System32\Wbem;C:\WINDOWS\System32\WindowsPowerShell\v1.0\;C:\Android;C:\Windows\System32;C:\WINDOWS\System32\OpenSSH\;S:\Eclipse_c\MinGW\bin;S:\Eclipse_c\MinGW\msys\1.0\bin;C:\Users\D.S. Twins\AppData\Local\Microsoft\WindowsApps;;C:\Program Files\eclipse;
USERNAME=D.S. Twins
OS=Windows_NT
PROCESSOR_IDENTIFIER=Intel64 Family 6 Model 69 Stepping 1, GenuineIntel



---------------  S Y S T E M  ---------------

OS: Windows 10.0 , 64 bit Build 17763 (10.0.17763.292)

CPU:total 4 (2 cores per cpu, 2 threads per core) family 6 model 69 stepping 1, cmov, cx8, fxsr, mmx, sse, sse2, sse3, ssse3, sse4.1, sse4.2, popcnt, avx, avx2, aes, clmul, erms, lzcnt, ht, tsc, tscinvbit, bmi1, bmi2

Memory: 4k page, physical 4124504k(1291532k free), swap 6745944k(2954584k free)

vm_info: Java HotSpot(TM) 64-Bit Server VM (25.111-b14) for windows-amd64 JRE (1.8.0_111-b14), built on Sep 22 2016 19:24:05 by "java_re" with MS VC++ 10.0 (VS2010)

time: Tue Mar 05 03:50:21 2019
elapsed time: 3 seconds (0d 0h 0m 3s)

